<?xml version="1.0" encoding="utf-8" standalone="no"?>
<!--This file represents the results of running a test suite-->
<test-results name="C:\src\github\nunit-tests\nunit-v2\bin\Release\nunit-v2.dll" total="5" errors="0" failures="0" not-run="0" inconclusive="0" ignored="0" skipped="0" invalid="0" date="2016-06-28" time="02:51:35">
  <environment nunit-version="3.4.0.0" clr-version="4.0.30319.42000" os-version="Microsoft Windows NT 10.0.14366.0" platform="Win32NT" cwd="C:\src\github\nunit-tests" machine-name="XPS" user="Rob" user-domain="XPS" />
  <culture-info current-culture="en-CA" current-uiculture="en-US" />
  <test-suite type="Assembly" name="C:\src\github\nunit-tests\nunit-v2\bin\Release\nunit-v2.dll" executed="True" result="Success" success="True" time="0.105" asserts="0">
    <properties>
      <property name="_PID" value="7476" />
      <property name="_APPDOMAIN" value="test-domain-" />
    </properties>
    <results>
      <test-suite type="Namespace" name="nunit" executed="True" result="Success" success="True" time="0.095" asserts="0">
        <results>
          <test-suite type="Namespace" name="v2" executed="True" result="Success" success="True" time="0.094" asserts="0">
            <results>
              <test-suite type="TestFixture" name="AsyncTests" executed="True" result="Success" success="True" time="0.058" asserts="0">
                <results>
                  <test-case name="nunit.v2.AsyncTests.AsyncTest" executed="True" result="Success" success="True" time="0.052" asserts="1">
                    <properties>
                      <property name="_DESCRIPTION" value="Testing nunit/nunitv2#15 async support in .NET 4.0 using the async support pack" />
                    </properties>
                  </test-case>
                </results>
              </test-suite>
              <test-suite type="TestFixture" name="ExpectedExceptionTests" executed="True" result="Success" success="True" time="0.021" asserts="0">
                <results>
                  <test-suite type="ParameterizedTest" name="TestThrows" executed="True" result="Success" success="True" time="0.005" asserts="0">
                    <results>
                      <test-case name="nunit.v2.ExpectedExceptionTests.TestThrows(1)" executed="True" result="Success" success="True" time="0.000" asserts="0" />
                      <test-case name="nunit.v2.ExpectedExceptionTests.TestThrows(-1)" executed="True" result="Success" success="True" time="0.003" asserts="0" />
                    </results>
                  </test-suite>
                  <test-case name="nunit.v2.ExpectedExceptionTests.ThrowsException" executed="True" result="Success" success="True" time="0.013" asserts="2" />
                </results>
              </test-suite>
              <test-suite type="TestFixture" name="TestContextTests" executed="True" result="Success" success="True" time="0.006" asserts="0">
                <properties>
                  <property name="_CATEGORIES" value="Fixture" />
                </properties>
                <results>
                  <test-case name="nunit.v2.TestContextTests.PassingMethod" executed="True" result="Success" success="True" time="0.006" asserts="0">
                    <properties>
                      <property name="_CATEGORIES" value="Test" />
                    </properties>
                    <reason>
                      <message><![CDATA[Your first passing test]]></message>
                    </reason>
                  </test-case>
                </results>
              </test-suite>
            </results>
          </test-suite>
        </results>
      </test-suite>
    </results>
  </test-suite>
</test-results>